

Started GET "/" for 127.0.0.1 at 2011-05-12 12:18:44 +0530
DEPRECATION WARNING: Setting filter_parameter_logging in ActionController is deprecated and has no longer effect, please set 'config.filter_parameters' in config/application.rb instead. (called from <class:ApplicationController> at /home/chaitanya/cscone/app/controllers/application_controller.rb:5)
  Processing by UserSessionsController#new as HTML
  [1m[36mSQL (0.9ms)[0m  [1mSHOW TABLES[0m
  [1m[35mUser Load (0.4ms)[0m  SELECT `users`.* FROM `users` WHERE `users`.`id` = 3 LIMIT 1
Rendered admin/_import_flash.html.erb (0.8ms)
DEPRECATION WARNING: <% %> style block helpers are deprecated. Please use <%= %>. (called from _app_views_user_sessions_new_html_erb__107480419_95102080__586777934 at /home/chaitanya/cscone/app/views/user_sessions/new.html.erb:28)
Rendered user_sessions/new.html.erb (24.2ms)
Completed 200 OK in 240ms (Views: 49.7ms | ActiveRecord: 1.3ms)


Started POST "/user_sessions" for 127.0.0.1 at 2011-05-12 12:20:04 +0530
DEPRECATION WARNING: Setting filter_parameter_logging in ActionController is deprecated and has no longer effect, please set 'config.filter_parameters' in config/application.rb instead. (called from <class:ApplicationController> at /home/chaitanya/cscone/app/controllers/application_controller.rb:5)
  Processing by UserSessionsController#create as HTML
  Parameters: {"utf8"=>"✓", "authenticity_token"=>"/PlyduHUb+BrVlLfLBoLbTVOuUYQGe8iIs3F3gjADTg=", "user_session"=>{"email"=>"admin@sarkcsc.in", "password"=>"[FILTERED]", "remember_me"=>"0"}, "commit"=>"Login"}
  [1m[36mUser Load (0.1ms)[0m  [1mSELECT `users`.* FROM `users` WHERE `users`.`id` = 3 LIMIT 1[0m
  [1m[35mUser Load (4.7ms)[0m  SELECT `users`.* FROM `users` WHERE (LOWER(`users`.email) = 'admin@sarkcsc.in') LIMIT 1
  [1m[36mSQL (0.2ms)[0m  [1mBEGIN[0m
  [1m[35mAREL (0.6ms)[0m  UPDATE `users` SET `login_count` = 4, `last_login_at` = '2011-05-10 07:11:48', `current_login_at` = '2011-05-12 06:50:04', `last_request_at` = '2011-05-12 06:50:04', `updated_at` = '2011-05-12 06:50:04' WHERE `users`.`id` = 2
  [1m[36mSQL (41.6ms)[0m  [1mCOMMIT[0m
  [1m[35mUser Load (0.5ms)[0m  SELECT `users`.* FROM `users` WHERE `users`.`email` = 'admin@sarkcsc.in' LIMIT 1
  [1m[36mRole Load (0.4ms)[0m  [1mSELECT `roles`.* FROM `roles` WHERE `roles`.`name` = 'super_admin' LIMIT 1[0m
  [1m[35mRole Load (0.3ms)[0m  SELECT `roles`.* FROM `roles` WHERE `roles`.`name` = 'admin' LIMIT 1
  [1m[36mRole Load (0.3ms)[0m  [1mSELECT `roles`.* FROM `roles` WHERE `roles`.`name` = 'vle_representative' LIMIT 1[0m
  [1m[35mRole Load (0.4ms)[0m  SELECT `roles`.* FROM `roles` WHERE `roles`.`name` = 'dmanager' LIMIT 1
  [1m[36mRole Load (0.4ms)[0m  [1mSELECT `roles`.* FROM `roles` WHERE `roles`.`name` = 'dengineer' LIMIT 1[0m
  [1m[35mRole Load (0.6ms)[0m  SELECT `roles`.*, `roles`.`id` FROM `roles` INNER JOIN `assignments` ON `roles`.id = `assignments`.role_id WHERE `roles`.`id` = 1 AND ((`assignments`.user_id = 2)) LIMIT 1
  [1m[36mRole Load (0.4ms)[0m  [1mSELECT `roles`.*, `roles`.`id` FROM `roles` INNER JOIN `assignments` ON `roles`.id = `assignments`.role_id WHERE `roles`.`id` = 2 AND ((`assignments`.user_id = 2)) LIMIT 1[0m
Redirected to http://localhost:3000/admin/vle_representatives
Completed 302 Found in 421ms


Started GET "/admin/vle_representatives" for 127.0.0.1 at 2011-05-12 12:20:04 +0530
DEPRECATION WARNING: Setting filter_parameter_logging in ActionController is deprecated and has no longer effect, please set 'config.filter_parameters' in config/application.rb instead. (called from <class:ApplicationController> at /home/chaitanya/cscone/app/controllers/application_controller.rb:5)
  Processing by Admin::VleRepresentativesController#index as HTML
  [1m[35mUser Load (0.6ms)[0m  SELECT `users`.* FROM `users` WHERE `users`.`id` = 2 LIMIT 1
  [1m[36mCACHE (0.0ms)[0m  [1mSELECT `users`.* FROM `users` WHERE `users`.`id` = 2 LIMIT 1[0m
  [1m[35mSQL (0.3ms)[0m  BEGIN
  [1m[36mAREL (0.4ms)[0m  [1mUPDATE `users` SET `last_request_at` = '2011-05-12 06:50:04', `updated_at` = '2011-05-12 06:50:04' WHERE `users`.`id` = 2[0m
  [1m[35mSQL (47.5ms)[0m  COMMIT
  [1m[36mUser Load (0.6ms)[0m  [1mSELECT `users`.* FROM `users` ORDER BY created_at DESC LIMIT 10[0m
  [1m[35mRole Load (0.1ms)[0m  SELECT `roles`.* FROM `roles` WHERE `roles`.`name` = 'vle_representative' LIMIT 1
  [1m[36mUser Load (0.9ms)[0m  [1mSELECT `users`.* FROM `users` INNER JOIN `assignments` ON `users`.id = `assignments`.user_id WHERE ((`assignments`.role_id = 3)) ORDER BY name asc LIMIT 20 OFFSET 0[0m
  [1m[35mVleRepresentativeProfile Load (0.4ms)[0m  SELECT `vle_representative_profiles`.* FROM `vle_representative_profiles` WHERE (`vle_representative_profiles`.user_id = 15) LIMIT 1
  [1m[36mState Load (0.4ms)[0m  [1mSELECT `states`.* FROM `states` WHERE `states`.`id` = 1 LIMIT 1[0m
  [1m[35mBiddingZone Load (0.4ms)[0m  SELECT `bidding_zones`.* FROM `bidding_zones` WHERE `bidding_zones`.`id` = 1 LIMIT 1
  [1m[36mDistrict Load (0.4ms)[0m  [1mSELECT `districts`.* FROM `districts` WHERE `districts`.`id` = 1 LIMIT 1[0m
  [1m[35mCscBlock Load (0.4ms)[0m  SELECT `csc_blocks`.* FROM `csc_blocks` WHERE `csc_blocks`.`id` = 1 LIMIT 1
Rendered admin/vle_representatives/_vle_user.html.erb (342.3ms)
Rendered admin/vle_representatives/_results.html.erb (348.9ms)
  [1m[36mRole Load (0.2ms)[0m  [1mSELECT `roles`.* FROM `roles` WHERE `roles`.`name` = 'super_admin' LIMIT 1[0m
  [1m[35mRole Load (0.1ms)[0m  SELECT `roles`.* FROM `roles` WHERE `roles`.`name` = 'admin' LIMIT 1
  [1m[36mCACHE (0.0ms)[0m  [1mSELECT `roles`.* FROM `roles` WHERE `roles`.`name` = 'vle_representative' LIMIT 1[0m
  [1m[35mRole Load (0.2ms)[0m  SELECT `roles`.*, `roles`.`id` FROM `roles` INNER JOIN `assignments` ON `roles`.id = `assignments`.role_id WHERE `roles`.`id` = 1 AND ((`assignments`.user_id = 2)) LIMIT 1
  [1m[36mRole Load (0.1ms)[0m  [1mSELECT `roles`.*, `roles`.`id` FROM `roles` INNER JOIN `assignments` ON `roles`.id = `assignments`.role_id WHERE `roles`.`id` = 2 AND ((`assignments`.user_id = 2)) LIMIT 1[0m
Rendered admin/_header.html.erb (38.4ms)
Rendered admin/_search.html.erb (1.7ms)
Rendered admin/vle_representatives/_recent_items.html.erb (5.7ms)
DEPRECATION WARNING: <% %> style block helpers are deprecated. Please use <%= %>. (called from block in _app_views_admin__import_flash_html_erb__512026927_93808120_1014602056 at /home/chaitanya/cscone/app/views/admin/_import_flash.html.erb:4)
Rendered admin/_import_flash.html.erb (2.2ms)
Rendered admin/_footer.html.erb (0.5ms)
Rendered admin/vle_representatives/index.html.erb within layouts/admin (453.6ms)
Completed 200 OK in 653ms (Views: 471.5ms | ActiveRecord: 103.7ms)


Started GET "/admin/users" for 127.0.0.1 at 2011-05-12 12:20:11 +0530
DEPRECATION WARNING: Setting filter_parameter_logging in ActionController is deprecated and has no longer effect, please set 'config.filter_parameters' in config/application.rb instead. (called from <class:ApplicationController> at /home/chaitanya/cscone/app/controllers/application_controller.rb:5)
  Processing by Admin::UsersController#index as HTML
  [1m[35mUser Load (0.2ms)[0m  SELECT `users`.* FROM `users` WHERE `users`.`id` = 2 LIMIT 1
  [1m[36mCACHE (0.0ms)[0m  [1mSELECT `users`.* FROM `users` WHERE `users`.`id` = 2 LIMIT 1[0m
  [1m[35mSQL (0.1ms)[0m  BEGIN
  [1m[36mAREL (0.5ms)[0m  [1mUPDATE `users` SET `last_request_at` = '2011-05-12 06:50:11', `updated_at` = '2011-05-12 06:50:11' WHERE `users`.`id` = 2[0m
  [1m[35mSQL (43.0ms)[0m  COMMIT
  [1m[36mUser Load (0.5ms)[0m  [1mSELECT `users`.* FROM `users` ORDER BY created_at DESC LIMIT 10[0m
  [1m[35mUser Load (0.5ms)[0m  SELECT `users`.* FROM `users` ORDER BY name asc LIMIT 20 OFFSET 0
  [1m[36mRole Load (0.8ms)[0m  [1mSELECT `roles`.* FROM `roles` INNER JOIN `assignments` ON `roles`.id = `assignments`.role_id WHERE ((`assignments`.user_id = 2))[0m
  [1m[35mUser Load (0.5ms)[0m  SELECT `users`.* FROM `users` WHERE `users`.`id` = 1 LIMIT 1
DEPRECATION WARNING: <% %> style block helpers are deprecated. Please use <%= %>. (called from _app_views_admin_users__user_html_erb___890664349_93226730__836937476 at /home/chaitanya/cscone/app/views/admin/users/_user.html.erb:1)
  [1m[36mRole Load (0.5ms)[0m  [1mSELECT `roles`.* FROM `roles` INNER JOIN `assignments` ON `roles`.id = `assignments`.role_id WHERE ((`assignments`.user_id = 15))[0m
  [1m[35mUser Load (0.4ms)[0m  SELECT `users`.* FROM `users` WHERE `users`.`id` = 2 LIMIT 1
DEPRECATION WARNING: <% %> style block helpers are deprecated. Please use <%= %>. (called from _app_views_admin_users__user_html_erb___890664349_93226730__836937476 at /home/chaitanya/cscone/app/views/admin/users/_user.html.erb:1)
  [1m[36mRole Load (0.2ms)[0m  [1mSELECT `roles`.* FROM `roles` INNER JOIN `assignments` ON `roles`.id = `assignments`.role_id WHERE ((`assignments`.user_id = 9))[0m
  [1m[35mCACHE (0.0ms)[0m  SELECT `users`.* FROM `users` WHERE `users`.`id` = 1 LIMIT 1
DEPRECATION WARNING: <% %> style block helpers are deprecated. Please use <%= %>. (called from _app_views_admin_users__user_html_erb___890664349_93226730__836937476 at /home/chaitanya/cscone/app/views/admin/users/_user.html.erb:1)
  [1m[36mRole Load (0.5ms)[0m  [1mSELECT `roles`.* FROM `roles` INNER JOIN `assignments` ON `roles`.id = `assignments`.role_id WHERE ((`assignments`.user_id = 3))[0m
  [1m[35mCACHE (0.0ms)[0m  SELECT `users`.* FROM `users` WHERE `users`.`id` = 1 LIMIT 1
DEPRECATION WARNING: <% %> style block helpers are deprecated. Please use <%= %>. (called from _app_views_admin_users__user_html_erb___890664349_93226730__836937476 at /home/chaitanya/cscone/app/views/admin/users/_user.html.erb:1)
  [1m[36mRole Load (0.4ms)[0m  [1mSELECT `roles`.* FROM `roles` INNER JOIN `assignments` ON `roles`.id = `assignments`.role_id WHERE ((`assignments`.user_id = 11))[0m
  [1m[35mCACHE (0.0ms)[0m  SELECT `users`.* FROM `users` WHERE `users`.`id` = 1 LIMIT 1
DEPRECATION WARNING: <% %> style block helpers are deprecated. Please use <%= %>. (called from _app_views_admin_users__user_html_erb___890664349_93226730__836937476 at /home/chaitanya/cscone/app/views/admin/users/_user.html.erb:1)
  [1m[36mRole Load (0.5ms)[0m  [1mSELECT `roles`.* FROM `roles` INNER JOIN `assignments` ON `roles`.id = `assignments`.role_id WHERE ((`assignments`.user_id = 5))[0m
  [1m[35mCACHE (0.0ms)[0m  SELECT `users`.* FROM `users` WHERE `users`.`id` = 1 LIMIT 1
DEPRECATION WARNING: <% %> style block helpers are deprecated. Please use <%= %>. (called from _app_views_admin_users__user_html_erb___890664349_93226730__836937476 at /home/chaitanya/cscone/app/views/admin/users/_user.html.erb:1)
  [1m[36mRole Load (0.3ms)[0m  [1mSELECT `roles`.* FROM `roles` INNER JOIN `assignments` ON `roles`.id = `assignments`.role_id WHERE ((`assignments`.user_id = 13))[0m
  [1m[35mCACHE (0.0ms)[0m  SELECT `users`.* FROM `users` WHERE `users`.`id` = 1 LIMIT 1
DEPRECATION WARNING: <% %> style block helpers are deprecated. Please use <%= %>. (called from _app_views_admin_users__user_html_erb___890664349_93226730__836937476 at /home/chaitanya/cscone/app/views/admin/users/_user.html.erb:1)
  [1m[36mRole Load (0.4ms)[0m  [1mSELECT `roles`.* FROM `roles` INNER JOIN `assignments` ON `roles`.id = `assignments`.role_id WHERE ((`assignments`.user_id = 7))[0m
  [1m[35mCACHE (0.0ms)[0m  SELECT `users`.* FROM `users` WHERE `users`.`id` = 1 LIMIT 1
DEPRECATION WARNING: <% %> style block helpers are deprecated. Please use <%= %>. (called from _app_views_admin_users__user_html_erb___890664349_93226730__836937476 at /home/chaitanya/cscone/app/views/admin/users/_user.html.erb:1)
  [1m[36mRole Load (0.3ms)[0m  [1mSELECT `roles`.* FROM `roles` INNER JOIN `assignments` ON `roles`.id = `assignments`.role_id WHERE ((`assignments`.user_id = 12))[0m
  [1m[35mCACHE (0.0ms)[0m  SELECT `users`.* FROM `users` WHERE `users`.`id` = 1 LIMIT 1
DEPRECATION WARNING: <% %> style block helpers are deprecated. Please use <%= %>. (called from _app_views_admin_users__user_html_erb___890664349_93226730__836937476 at /home/chaitanya/cscone/app/views/admin/users/_user.html.erb:1)
  [1m[36mRole Load (0.4ms)[0m  [1mSELECT `roles`.* FROM `roles` INNER JOIN `assignments` ON `roles`.id = `assignments`.role_id WHERE ((`assignments`.user_id = 6))[0m
  [1m[35mCACHE (0.0ms)[0m  SELECT `users`.* FROM `users` WHERE `users`.`id` = 1 LIMIT 1
DEPRECATION WARNING: <% %> style block helpers are deprecated. Please use <%= %>. (called from _app_views_admin_users__user_html_erb___890664349_93226730__836937476 at /home/chaitanya/cscone/app/views/admin/users/_user.html.erb:1)
  [1m[36mRole Load (0.3ms)[0m  [1mSELECT `roles`.* FROM `roles` INNER JOIN `assignments` ON `roles`.id = `assignments`.role_id WHERE ((`assignments`.user_id = 10))[0m
  [1m[35mCACHE (0.0ms)[0m  SELECT `users`.* FROM `users` WHERE `users`.`id` = 1 LIMIT 1
DEPRECATION WARNING: <% %> style block helpers are deprecated. Please use <%= %>. (called from _app_views_admin_users__user_html_erb___890664349_93226730__836937476 at /home/chaitanya/cscone/app/views/admin/users/_user.html.erb:1)
  [1m[36mRole Load (0.3ms)[0m  [1mSELECT `roles`.* FROM `roles` INNER JOIN `assignments` ON `roles`.id = `assignments`.role_id WHERE ((`assignments`.user_id = 4))[0m
  [1m[35mCACHE (0.0ms)[0m  SELECT `users`.* FROM `users` WHERE `users`.`id` = 1 LIMIT 1
DEPRECATION WARNING: <% %> style block helpers are deprecated. Please use <%= %>. (called from _app_views_admin_users__user_html_erb___890664349_93226730__836937476 at /home/chaitanya/cscone/app/views/admin/users/_user.html.erb:1)
  [1m[36mRole Load (0.4ms)[0m  [1mSELECT `roles`.* FROM `roles` INNER JOIN `assignments` ON `roles`.id = `assignments`.role_id WHERE ((`assignments`.user_id = 14))[0m
  [1m[35mCACHE (0.0ms)[0m  SELECT `users`.* FROM `users` WHERE `users`.`id` = 1 LIMIT 1
DEPRECATION WARNING: <% %> style block helpers are deprecated. Please use <%= %>. (called from _app_views_admin_users__user_html_erb___890664349_93226730__836937476 at /home/chaitanya/cscone/app/views/admin/users/_user.html.erb:1)
  [1m[36mRole Load (0.4ms)[0m  [1mSELECT `roles`.* FROM `roles` INNER JOIN `assignments` ON `roles`.id = `assignments`.role_id WHERE ((`assignments`.user_id = 8))[0m
  [1m[35mCACHE (0.0ms)[0m  SELECT `users`.* FROM `users` WHERE `users`.`id` = 1 LIMIT 1
DEPRECATION WARNING: <% %> style block helpers are deprecated. Please use <%= %>. (called from _app_views_admin_users__user_html_erb___890664349_93226730__836937476 at /home/chaitanya/cscone/app/views/admin/users/_user.html.erb:1)
  [1m[36mRole Load (0.3ms)[0m  [1mSELECT `roles`.* FROM `roles` INNER JOIN `assignments` ON `roles`.id = `assignments`.role_id WHERE ((`assignments`.user_id = 1))[0m
  [1m[35mCACHE (0.0ms)[0m  SELECT `users`.* FROM `users` WHERE `users`.`id` = 1 LIMIT 1
DEPRECATION WARNING: <% %> style block helpers are deprecated. Please use <%= %>. (called from _app_views_admin_users__user_html_erb___890664349_93226730__836937476 at /home/chaitanya/cscone/app/views/admin/users/_user.html.erb:1)
Rendered admin/users/_user.html.erb (117.3ms)
  [1m[36mRole Load (0.1ms)[0m  [1mSELECT `roles`.* FROM `roles` WHERE `roles`.`name` = 'super_admin' LIMIT 1[0m
  [1m[35mRole Load (0.1ms)[0m  SELECT `roles`.* FROM `roles` WHERE `roles`.`name` = 'admin' LIMIT 1
  [1m[36mRole Load (0.1ms)[0m  [1mSELECT `roles`.* FROM `roles` WHERE `roles`.`name` = 'vle_representative' LIMIT 1[0m
  [1m[35mRole Load (0.1ms)[0m  SELECT `roles`.*, `roles`.`id` FROM `roles` INNER JOIN `assignments` ON `roles`.id = `assignments`.role_id WHERE `roles`.`id` = 1 AND ((`assignments`.user_id = 2)) LIMIT 1
  [1m[36mRole Load (0.2ms)[0m  [1mSELECT `roles`.*, `roles`.`id` FROM `roles` INNER JOIN `assignments` ON `roles`.id = `assignments`.role_id WHERE `roles`.`id` = 2 AND ((`assignments`.user_id = 2)) LIMIT 1[0m
Rendered admin/_header.html.erb (22.8ms)
Rendered admin/_search.html.erb (1.6ms)
Rendered admin/users/_recent_items.html.erb (5.4ms)
Rendered admin/_import_flash.html.erb (1.5ms)
Rendered admin/_footer.html.erb (0.5ms)
Rendered admin/users/index.html.erb within layouts/admin (179.5ms)
Completed 200 OK in 298ms (Views: 176.1ms | ActiveRecord: 52.6ms)


Started GET "/admin/users" for 127.0.0.1 at 2011-05-12 12:21:03 +0530
DEPRECATION WARNING: Setting filter_parameter_logging in ActionController is deprecated and has no longer effect, please set 'config.filter_parameters' in config/application.rb instead. (called from <class:ApplicationController> at /home/chaitanya/cscone/app/controllers/application_controller.rb:5)
  Processing by Admin::UsersController#index as HTML
  [1m[35mUser Load (0.2ms)[0m  SELECT `users`.* FROM `users` WHERE `users`.`id` = 2 LIMIT 1
  [1m[36mCACHE (0.0ms)[0m  [1mSELECT `users`.* FROM `users` WHERE `users`.`id` = 2 LIMIT 1[0m
  [1m[35mSQL (0.2ms)[0m  BEGIN
  [1m[36mAREL (0.6ms)[0m  [1mUPDATE `users` SET `last_request_at` = '2011-05-12 06:51:04', `updated_at` = '2011-05-12 06:51:04' WHERE `users`.`id` = 2[0m
  [1m[35mSQL (45.6ms)[0m  COMMIT
  [1m[36mUser Load (0.8ms)[0m  [1mSELECT `users`.* FROM `users` ORDER BY created_at DESC LIMIT 10[0m
  [1m[35mUser Load (0.8ms)[0m  SELECT `users`.* FROM `users` ORDER BY name asc LIMIT 20 OFFSET 0
  [1m[36mRole Load (0.2ms)[0m  [1mSELECT `roles`.* FROM `roles` INNER JOIN `assignments` ON `roles`.id = `assignments`.role_id WHERE ((`assignments`.user_id = 2))[0m
  [1m[35mUser Load (0.7ms)[0m  SELECT `users`.* FROM `users` WHERE `users`.`id` = 1 LIMIT 1
Rendered admin/users/_user.html.erb (47.7ms)
Rendered admin/users/index.html.erb within layouts/admin (55.1ms)
Completed   in 222ms

ActionView::Template::Error (undefined method `modified_at' for #<User:0xb3f07cc>):
    9: <!-- <td><%=h User.find(user.created_by).name %></td> -->
    10:  <td><%=h user.created_at.strftime('%d-%m-%Y')%></td>
    11: 
    12:  <td><%=h user.modified_at.strftime('%d-%m-%Y')%></td>
    13:  <td><%=distance_of_time_in_words_to_now(user.last_login_at, include_seconds = true)  if user.last_login_at %> ago</td>
    14:  <td><%=h user.login_count %></td>
    15:  
  app/views/admin/users/_user.html.erb:12:in `block in _app_views_admin_users__user_html_erb___890664349_94282320__836937476'
  app/views/admin/users/_user.html.erb:1:in `_app_views_admin_users__user_html_erb___890664349_94282320__836937476'
  app/views/admin/users/index.html.erb:28:in `_app_views_admin_users_index_html_erb__982720295_94325590__586777934'

Rendered /usr/lib/ruby/gems/1.9.1/gems/actionpack-3.0.3/lib/action_dispatch/middleware/templates/rescues/_trace.erb (2.5ms)
Rendered /usr/lib/ruby/gems/1.9.1/gems/actionpack-3.0.3/lib/action_dispatch/middleware/templates/rescues/_request_and_response.erb (14.2ms)
Rendered /usr/lib/ruby/gems/1.9.1/gems/actionpack-3.0.3/lib/action_dispatch/middleware/templates/rescues/template_error.erb within rescues/layout (22.2ms)


Started GET "/admin/users" for 127.0.0.1 at 2011-05-12 12:22:43 +0530
DEPRECATION WARNING: Setting filter_parameter_logging in ActionController is deprecated and has no longer effect, please set 'config.filter_parameters' in config/application.rb instead. (called from <class:ApplicationController> at /home/chaitanya/cscone/app/controllers/application_controller.rb:5)
  Processing by Admin::UsersController#index as HTML
  [1m[36mUser Load (0.5ms)[0m  [1mSELECT `users`.* FROM `users` WHERE `users`.`id` = 2 LIMIT 1[0m
  [1m[35mCACHE (0.0ms)[0m  SELECT `users`.* FROM `users` WHERE `users`.`id` = 2 LIMIT 1
  [1m[36mSQL (0.1ms)[0m  [1mBEGIN[0m
  [1m[35mAREL (0.3ms)[0m  UPDATE `users` SET `last_request_at` = '2011-05-12 06:52:43', `updated_at` = '2011-05-12 06:52:43' WHERE `users`.`id` = 2
  [1m[36mSQL (52.7ms)[0m  [1mCOMMIT[0m
  [1m[35mUser Load (0.8ms)[0m  SELECT `users`.* FROM `users` ORDER BY created_at DESC LIMIT 10
  [1m[36mUser Load (1.3ms)[0m  [1mSELECT `users`.* FROM `users` ORDER BY name asc LIMIT 20 OFFSET 0[0m
  [1m[35mRole Load (0.3ms)[0m  SELECT `roles`.* FROM `roles` INNER JOIN `assignments` ON `roles`.id = `assignments`.role_id WHERE ((`assignments`.user_id = 2))
  [1m[36mUser Load (0.6ms)[0m  [1mSELECT `users`.* FROM `users` WHERE `users`.`id` = 1 LIMIT 1[0m
DEPRECATION WARNING: <% %> style block helpers are deprecated. Please use <%= %>. (called from _app_views_admin_users__user_html_erb___890664349_93289450__836937476 at /home/chaitanya/cscone/app/views/admin/users/_user.html.erb:1)
  [1m[35mRole Load (0.2ms)[0m  SELECT `roles`.* FROM `roles` INNER JOIN `assignments` ON `roles`.id = `assignments`.role_id WHERE ((`assignments`.user_id = 15))
  [1m[36mUser Load (0.5ms)[0m  [1mSELECT `users`.* FROM `users` WHERE `users`.`id` = 2 LIMIT 1[0m
DEPRECATION WARNING: <% %> style block helpers are deprecated. Please use <%= %>. (called from _app_views_admin_users__user_html_erb___890664349_93289450__836937476 at /home/chaitanya/cscone/app/views/admin/users/_user.html.erb:1)
  [1m[35mRole Load (0.2ms)[0m  SELECT `roles`.* FROM `roles` INNER JOIN `assignments` ON `roles`.id = `assignments`.role_id WHERE ((`assignments`.user_id = 9))
  [1m[36mCACHE (0.0ms)[0m  [1mSELECT `users`.* FROM `users` WHERE `users`.`id` = 1 LIMIT 1[0m
DEPRECATION WARNING: <% %> style block helpers are deprecated. Please use <%= %>. (called from _app_views_admin_users__user_html_erb___890664349_93289450__836937476 at /home/chaitanya/cscone/app/views/admin/users/_user.html.erb:1)
  [1m[35mRole Load (0.2ms)[0m  SELECT `roles`.* FROM `roles` INNER JOIN `assignments` ON `roles`.id = `assignments`.role_id WHERE ((`assignments`.user_id = 3))
  [1m[36mCACHE (0.0ms)[0m  [1mSELECT `users`.* FROM `users` WHERE `users`.`id` = 1 LIMIT 1[0m
DEPRECATION WARNING: <% %> style block helpers are deprecated. Please use <%= %>. (called from _app_views_admin_users__user_html_erb___890664349_93289450__836937476 at /home/chaitanya/cscone/app/views/admin/users/_user.html.erb:1)
  [1m[35mRole Load (0.2ms)[0m  SELECT `roles`.* FROM `roles` INNER JOIN `assignments` ON `roles`.id = `assignments`.role_id WHERE ((`assignments`.user_id = 11))
  [1m[36mCACHE (0.0ms)[0m  [1mSELECT `users`.* FROM `users` WHERE `users`.`id` = 1 LIMIT 1[0m
DEPRECATION WARNING: <% %> style block helpers are deprecated. Please use <%= %>. (called from _app_views_admin_users__user_html_erb___890664349_93289450__836937476 at /home/chaitanya/cscone/app/views/admin/users/_user.html.erb:1)
  [1m[35mRole Load (0.2ms)[0m  SELECT `roles`.* FROM `roles` INNER JOIN `assignments` ON `roles`.id = `assignments`.role_id WHERE ((`assignments`.user_id = 5))
  [1m[36mCACHE (0.0ms)[0m  [1mSELECT `users`.* FROM `users` WHERE `users`.`id` = 1 LIMIT 1[0m
DEPRECATION WARNING: <% %> style block helpers are deprecated. Please use <%= %>. (called from _app_views_admin_users__user_html_erb___890664349_93289450__836937476 at /home/chaitanya/cscone/app/views/admin/users/_user.html.erb:1)
  [1m[35mRole Load (0.2ms)[0m  SELECT `roles`.* FROM `roles` INNER JOIN `assignments` ON `roles`.id = `assignments`.role_id WHERE ((`assignments`.user_id = 13))
  [1m[36mCACHE (0.0ms)[0m  [1mSELECT `users`.* FROM `users` WHERE `users`.`id` = 1 LIMIT 1[0m
DEPRECATION WARNING: <% %> style block helpers are deprecated. Please use <%= %>. (called from _app_views_admin_users__user_html_erb___890664349_93289450__836937476 at /home/chaitanya/cscone/app/views/admin/users/_user.html.erb:1)
  [1m[35mRole Load (0.1ms)[0m  SELECT `roles`.* FROM `roles` INNER JOIN `assignments` ON `roles`.id = `assignments`.role_id WHERE ((`assignments`.user_id = 7))
  [1m[36mCACHE (0.0ms)[0m  [1mSELECT `users`.* FROM `users` WHERE `users`.`id` = 1 LIMIT 1[0m
DEPRECATION WARNING: <% %> style block helpers are deprecated. Please use <%= %>. (called from _app_views_admin_users__user_html_erb___890664349_93289450__836937476 at /home/chaitanya/cscone/app/views/admin/users/_user.html.erb:1)
  [1m[35mRole Load (0.1ms)[0m  SELECT `roles`.* FROM `roles` INNER JOIN `assignments` ON `roles`.id = `assignments`.role_id WHERE ((`assignments`.user_id = 12))
  [1m[36mCACHE (0.0ms)[0m  [1mSELECT `users`.* FROM `users` WHERE `users`.`id` = 1 LIMIT 1[0m
DEPRECATION WARNING: <% %> style block helpers are deprecated. Please use <%= %>. (called from _app_views_admin_users__user_html_erb___890664349_93289450__836937476 at /home/chaitanya/cscone/app/views/admin/users/_user.html.erb:1)
  [1m[35mRole Load (0.2ms)[0m  SELECT `roles`.* FROM `roles` INNER JOIN `assignments` ON `roles`.id = `assignments`.role_id WHERE ((`assignments`.user_id = 6))
  [1m[36mCACHE (0.0ms)[0m  [1mSELECT `users`.* FROM `users` WHERE `users`.`id` = 1 LIMIT 1[0m
DEPRECATION WARNING: <% %> style block helpers are deprecated. Please use <%= %>. (called from _app_views_admin_users__user_html_erb___890664349_93289450__836937476 at /home/chaitanya/cscone/app/views/admin/users/_user.html.erb:1)
  [1m[35mRole Load (0.3ms)[0m  SELECT `roles`.* FROM `roles` INNER JOIN `assignments` ON `roles`.id = `assignments`.role_id WHERE ((`assignments`.user_id = 10))
  [1m[36mCACHE (0.0ms)[0m  [1mSELECT `users`.* FROM `users` WHERE `users`.`id` = 1 LIMIT 1[0m
DEPRECATION WARNING: <% %> style block helpers are deprecated. Please use <%= %>. (called from _app_views_admin_users__user_html_erb___890664349_93289450__836937476 at /home/chaitanya/cscone/app/views/admin/users/_user.html.erb:1)
  [1m[35mRole Load (0.2ms)[0m  SELECT `roles`.* FROM `roles` INNER JOIN `assignments` ON `roles`.id = `assignments`.role_id WHERE ((`assignments`.user_id = 4))
  [1m[36mCACHE (0.0ms)[0m  [1mSELECT `users`.* FROM `users` WHERE `users`.`id` = 1 LIMIT 1[0m
DEPRECATION WARNING: <% %> style block helpers are deprecated. Please use <%= %>. (called from _app_views_admin_users__user_html_erb___890664349_93289450__836937476 at /home/chaitanya/cscone/app/views/admin/users/_user.html.erb:1)
  [1m[35mRole Load (0.2ms)[0m  SELECT `roles`.* FROM `roles` INNER JOIN `assignments` ON `roles`.id = `assignments`.role_id WHERE ((`assignments`.user_id = 14))
  [1m[36mCACHE (0.0ms)[0m  [1mSELECT `users`.* FROM `users` WHERE `users`.`id` = 1 LIMIT 1[0m
DEPRECATION WARNING: <% %> style block helpers are deprecated. Please use <%= %>. (called from _app_views_admin_users__user_html_erb___890664349_93289450__836937476 at /home/chaitanya/cscone/app/views/admin/users/_user.html.erb:1)
  [1m[35mRole Load (0.2ms)[0m  SELECT `roles`.* FROM `roles` INNER JOIN `assignments` ON `roles`.id = `assignments`.role_id WHERE ((`assignments`.user_id = 8))
  [1m[36mCACHE (0.0ms)[0m  [1mSELECT `users`.* FROM `users` WHERE `users`.`id` = 1 LIMIT 1[0m
DEPRECATION WARNING: <% %> style block helpers are deprecated. Please use <%= %>. (called from _app_views_admin_users__user_html_erb___890664349_93289450__836937476 at /home/chaitanya/cscone/app/views/admin/users/_user.html.erb:1)
  [1m[35mRole Load (0.2ms)[0m  SELECT `roles`.* FROM `roles` INNER JOIN `assignments` ON `roles`.id = `assignments`.role_id WHERE ((`assignments`.user_id = 1))
  [1m[36mCACHE (0.0ms)[0m  [1mSELECT `users`.* FROM `users` WHERE `users`.`id` = 1 LIMIT 1[0m
DEPRECATION WARNING: <% %> style block helpers are deprecated. Please use <%= %>. (called from _app_views_admin_users__user_html_erb___890664349_93289450__836937476 at /home/chaitanya/cscone/app/views/admin/users/_user.html.erb:1)
Rendered admin/users/_user.html.erb (109.3ms)
  [1m[35mRole Load (0.2ms)[0m  SELECT `roles`.* FROM `roles` WHERE `roles`.`name` = 'super_admin' LIMIT 1
  [1m[36mRole Load (0.2ms)[0m  [1mSELECT `roles`.* FROM `roles` WHERE `roles`.`name` = 'admin' LIMIT 1[0m
  [1m[35mRole Load (0.1ms)[0m  SELECT `roles`.* FROM `roles` WHERE `roles`.`name` = 'vle_representative' LIMIT 1
  [1m[36mRole Load (0.1ms)[0m  [1mSELECT `roles`.*, `roles`.`id` FROM `roles` INNER JOIN `assignments` ON `roles`.id = `assignments`.role_id WHERE `roles`.`id` = 1 AND ((`assignments`.user_id = 2)) LIMIT 1[0m
  [1m[35mRole Load (0.1ms)[0m  SELECT `roles`.*, `roles`.`id` FROM `roles` INNER JOIN `assignments` ON `roles`.id = `assignments`.role_id WHERE `roles`.`id` = 2 AND ((`assignments`.user_id = 2)) LIMIT 1
Rendered admin/_header.html.erb (12.9ms)
Rendered admin/_search.html.erb (0.9ms)
Rendered admin/users/_recent_items.html.erb (3.1ms)
Rendered admin/_import_flash.html.erb (0.8ms)
Rendered admin/_footer.html.erb (0.3ms)
Rendered admin/users/index.html.erb within layouts/admin (140.7ms)
Completed 200 OK in 266ms (Views: 140.3ms | ActiveRecord: 60.4ms)


Started GET "/admin/users" for 127.0.0.1 at 2011-05-12 12:23:07 +0530
DEPRECATION WARNING: Setting filter_parameter_logging in ActionController is deprecated and has no longer effect, please set 'config.filter_parameters' in config/application.rb instead. (called from <class:ApplicationController> at /home/chaitanya/cscone/app/controllers/application_controller.rb:5)
  Processing by Admin::UsersController#index as HTML
  [1m[36mUser Load (0.1ms)[0m  [1mSELECT `users`.* FROM `users` WHERE `users`.`id` = 2 LIMIT 1[0m
  [1m[35mCACHE (0.0ms)[0m  SELECT `users`.* FROM `users` WHERE `users`.`id` = 2 LIMIT 1
  [1m[36mSQL (0.1ms)[0m  [1mBEGIN[0m
  [1m[35mAREL (0.5ms)[0m  UPDATE `users` SET `last_request_at` = '2011-05-12 06:53:07', `updated_at` = '2011-05-12 06:53:07' WHERE `users`.`id` = 2
  [1m[36mSQL (43.6ms)[0m  [1mCOMMIT[0m
  [1m[35mUser Load (0.8ms)[0m  SELECT `users`.* FROM `users` ORDER BY created_at DESC LIMIT 10
  [1m[36mUser Load (0.9ms)[0m  [1mSELECT `users`.* FROM `users` ORDER BY name asc LIMIT 20 OFFSET 0[0m
  [1m[35mRole Load (0.2ms)[0m  SELECT `roles`.* FROM `roles` INNER JOIN `assignments` ON `roles`.id = `assignments`.role_id WHERE ((`assignments`.user_id = 2))
  [1m[36mUser Load (0.5ms)[0m  [1mSELECT `users`.* FROM `users` WHERE `users`.`id` = 1 LIMIT 1[0m
DEPRECATION WARNING: <% %> style block helpers are deprecated. Please use <%= %>. (called from _app_views_admin_users__user_html_erb___890664349_94079380__836937476 at /home/chaitanya/cscone/app/views/admin/users/_user.html.erb:1)
  [1m[35mRole Load (0.1ms)[0m  SELECT `roles`.* FROM `roles` INNER JOIN `assignments` ON `roles`.id = `assignments`.role_id WHERE ((`assignments`.user_id = 15))
  [1m[36mUser Load (0.4ms)[0m  [1mSELECT `users`.* FROM `users` WHERE `users`.`id` = 2 LIMIT 1[0m
DEPRECATION WARNING: <% %> style block helpers are deprecated. Please use <%= %>. (called from _app_views_admin_users__user_html_erb___890664349_94079380__836937476 at /home/chaitanya/cscone/app/views/admin/users/_user.html.erb:1)
  [1m[35mRole Load (0.1ms)[0m  SELECT `roles`.* FROM `roles` INNER JOIN `assignments` ON `roles`.id = `assignments`.role_id WHERE ((`assignments`.user_id = 9))
  [1m[36mCACHE (0.0ms)[0m  [1mSELECT `users`.* FROM `users` WHERE `users`.`id` = 1 LIMIT 1[0m
DEPRECATION WARNING: <% %> style block helpers are deprecated. Please use <%= %>. (called from _app_views_admin_users__user_html_erb___890664349_94079380__836937476 at /home/chaitanya/cscone/app/views/admin/users/_user.html.erb:1)
  [1m[35mRole Load (0.2ms)[0m  SELECT `roles`.* FROM `roles` INNER JOIN `assignments` ON `roles`.id = `assignments`.role_id WHERE ((`assignments`.user_id = 3))
  [1m[36mCACHE (0.0ms)[0m  [1mSELECT `users`.* FROM `users` WHERE `users`.`id` = 1 LIMIT 1[0m
DEPRECATION WARNING: <% %> style block helpers are deprecated. Please use <%= %>. (called from _app_views_admin_users__user_html_erb___890664349_94079380__836937476 at /home/chaitanya/cscone/app/views/admin/users/_user.html.erb:1)
  [1m[35mRole Load (0.1ms)[0m  SELECT `roles`.* FROM `roles` INNER JOIN `assignments` ON `roles`.id = `assignments`.role_id WHERE ((`assignments`.user_id = 11))
  [1m[36mCACHE (0.0ms)[0m  [1mSELECT `users`.* FROM `users` WHERE `users`.`id` = 1 LIMIT 1[0m
DEPRECATION WARNING: <% %> style block helpers are deprecated. Please use <%= %>. (called from _app_views_admin_users__user_html_erb___890664349_94079380__836937476 at /home/chaitanya/cscone/app/views/admin/users/_user.html.erb:1)
  [1m[35mRole Load (0.1ms)[0m  SELECT `roles`.* FROM `roles` INNER JOIN `assignments` ON `roles`.id = `assignments`.role_id WHERE ((`assignments`.user_id = 5))
  [1m[36mCACHE (0.0ms)[0m  [1mSELECT `users`.* FROM `users` WHERE `users`.`id` = 1 LIMIT 1[0m
DEPRECATION WARNING: <% %> style block helpers are deprecated. Please use <%= %>. (called from _app_views_admin_users__user_html_erb___890664349_94079380__836937476 at /home/chaitanya/cscone/app/views/admin/users/_user.html.erb:1)
  [1m[35mRole Load (0.1ms)[0m  SELECT `roles`.* FROM `roles` INNER JOIN `assignments` ON `roles`.id = `assignments`.role_id WHERE ((`assignments`.user_id = 13))
  [1m[36mCACHE (0.0ms)[0m  [1mSELECT `users`.* FROM `users` WHERE `users`.`id` = 1 LIMIT 1[0m
DEPRECATION WARNING: <% %> style block helpers are deprecated. Please use <%= %>. (called from _app_views_admin_users__user_html_erb___890664349_94079380__836937476 at /home/chaitanya/cscone/app/views/admin/users/_user.html.erb:1)
  [1m[35mRole Load (0.1ms)[0m  SELECT `roles`.* FROM `roles` INNER JOIN `assignments` ON `roles`.id = `assignments`.role_id WHERE ((`assignments`.user_id = 7))
  [1m[36mCACHE (0.0ms)[0m  [1mSELECT `users`.* FROM `users` WHERE `users`.`id` = 1 LIMIT 1[0m
DEPRECATION WARNING: <% %> style block helpers are deprecated. Please use <%= %>. (called from _app_views_admin_users__user_html_erb___890664349_94079380__836937476 at /home/chaitanya/cscone/app/views/admin/users/_user.html.erb:1)
  [1m[35mRole Load (0.1ms)[0m  SELECT `roles`.* FROM `roles` INNER JOIN `assignments` ON `roles`.id = `assignments`.role_id WHERE ((`assignments`.user_id = 12))
  [1m[36mCACHE (0.0ms)[0m  [1mSELECT `users`.* FROM `users` WHERE `users`.`id` = 1 LIMIT 1[0m
DEPRECATION WARNING: <% %> style block helpers are deprecated. Please use <%= %>. (called from _app_views_admin_users__user_html_erb___890664349_94079380__836937476 at /home/chaitanya/cscone/app/views/admin/users/_user.html.erb:1)
  [1m[35mRole Load (0.1ms)[0m  SELECT `roles`.* FROM `roles` INNER JOIN `assignments` ON `roles`.id = `assignments`.role_id WHERE ((`assignments`.user_id = 6))
  [1m[36mCACHE (0.0ms)[0m  [1mSELECT `users`.* FROM `users` WHERE `users`.`id` = 1 LIMIT 1[0m
DEPRECATION WARNING: <% %> style block helpers are deprecated. Please use <%= %>. (called from _app_views_admin_users__user_html_erb___890664349_94079380__836937476 at /home/chaitanya/cscone/app/views/admin/users/_user.html.erb:1)
  [1m[35mRole Load (0.1ms)[0m  SELECT `roles`.* FROM `roles` INNER JOIN `assignments` ON `roles`.id = `assignments`.role_id WHERE ((`assignments`.user_id = 10))
  [1m[36mCACHE (0.0ms)[0m  [1mSELECT `users`.* FROM `users` WHERE `users`.`id` = 1 LIMIT 1[0m
DEPRECATION WARNING: <% %> style block helpers are deprecated. Please use <%= %>. (called from _app_views_admin_users__user_html_erb___890664349_94079380__836937476 at /home/chaitanya/cscone/app/views/admin/users/_user.html.erb:1)
  [1m[35mRole Load (0.1ms)[0m  SELECT `roles`.* FROM `roles` INNER JOIN `assignments` ON `roles`.id = `assignments`.role_id WHERE ((`assignments`.user_id = 4))
  [1m[36mCACHE (0.0ms)[0m  [1mSELECT `users`.* FROM `users` WHERE `users`.`id` = 1 LIMIT 1[0m
DEPRECATION WARNING: <% %> style block helpers are deprecated. Please use <%= %>. (called from _app_views_admin_users__user_html_erb___890664349_94079380__836937476 at /home/chaitanya/cscone/app/views/admin/users/_user.html.erb:1)
  [1m[35mRole Load (0.1ms)[0m  SELECT `roles`.* FROM `roles` INNER JOIN `assignments` ON `roles`.id = `assignments`.role_id WHERE ((`assignments`.user_id = 14))
  [1m[36mCACHE (0.0ms)[0m  [1mSELECT `users`.* FROM `users` WHERE `users`.`id` = 1 LIMIT 1[0m
DEPRECATION WARNING: <% %> style block helpers are deprecated. Please use <%= %>. (called from _app_views_admin_users__user_html_erb___890664349_94079380__836937476 at /home/chaitanya/cscone/app/views/admin/users/_user.html.erb:1)
  [1m[35mRole Load (0.1ms)[0m  SELECT `roles`.* FROM `roles` INNER JOIN `assignments` ON `roles`.id = `assignments`.role_id WHERE ((`assignments`.user_id = 8))
  [1m[36mCACHE (0.0ms)[0m  [1mSELECT `users`.* FROM `users` WHERE `users`.`id` = 1 LIMIT 1[0m
DEPRECATION WARNING: <% %> style block helpers are deprecated. Please use <%= %>. (called from _app_views_admin_users__user_html_erb___890664349_94079380__836937476 at /home/chaitanya/cscone/app/views/admin/users/_user.html.erb:1)
  [1m[35mRole Load (0.1ms)[0m  SELECT `roles`.* FROM `roles` INNER JOIN `assignments` ON `roles`.id = `assignments`.role_id WHERE ((`assignments`.user_id = 1))
  [1m[36mCACHE (0.0ms)[0m  [1mSELECT `users`.* FROM `users` WHERE `users`.`id` = 1 LIMIT 1[0m
DEPRECATION WARNING: <% %> style block helpers are deprecated. Please use <%= %>. (called from _app_views_admin_users__user_html_erb___890664349_94079380__836937476 at /home/chaitanya/cscone/app/views/admin/users/_user.html.erb:1)
Rendered admin/users/_user.html.erb (64.4ms)
  [1m[35mRole Load (0.1ms)[0m  SELECT `roles`.* FROM `roles` WHERE `roles`.`name` = 'super_admin' LIMIT 1
  [1m[36mRole Load (0.1ms)[0m  [1mSELECT `roles`.* FROM `roles` WHERE `roles`.`name` = 'admin' LIMIT 1[0m
  [1m[35mRole Load (0.1ms)[0m  SELECT `roles`.* FROM `roles` WHERE `roles`.`name` = 'vle_representative' LIMIT 1
  [1m[36mRole Load (0.1ms)[0m  [1mSELECT `roles`.*, `roles`.`id` FROM `roles` INNER JOIN `assignments` ON `roles`.id = `assignments`.role_id WHERE `roles`.`id` = 1 AND ((`assignments`.user_id = 2)) LIMIT 1[0m
  [1m[35mRole Load (0.1ms)[0m  SELECT `roles`.*, `roles`.`id` FROM `roles` INNER JOIN `assignments` ON `roles`.id = `assignments`.role_id WHERE `roles`.`id` = 2 AND ((`assignments`.user_id = 2)) LIMIT 1
Rendered admin/_header.html.erb (11.7ms)
Rendered admin/_search.html.erb (0.9ms)
Rendered admin/users/_recent_items.html.erb (2.6ms)
Rendered admin/_import_flash.html.erb (0.7ms)
Rendered admin/_footer.html.erb (0.3ms)
Rendered admin/users/index.html.erb within layouts/admin (91.9ms)
Completed 200 OK in 245ms (Views: 91.9ms | ActiveRecord: 49.2ms)


Started GET "/admin/users?direction=asc&sort=created_at" for 127.0.0.1 at 2011-05-12 12:23:15 +0530
DEPRECATION WARNING: Setting filter_parameter_logging in ActionController is deprecated and has no longer effect, please set 'config.filter_parameters' in config/application.rb instead. (called from <class:ApplicationController> at /home/chaitanya/cscone/app/controllers/application_controller.rb:5)
  Processing by Admin::UsersController#index as HTML
  Parameters: {"direction"=>"asc", "sort"=>"created_at"}
  [1m[36mUser Load (0.1ms)[0m  [1mSELECT `users`.* FROM `users` WHERE `users`.`id` = 2 LIMIT 1[0m
  [1m[35mCACHE (0.0ms)[0m  SELECT `users`.* FROM `users` WHERE `users`.`id` = 2 LIMIT 1
  [1m[36mSQL (0.1ms)[0m  [1mBEGIN[0m
  [1m[35mAREL (0.4ms)[0m  UPDATE `users` SET `last_request_at` = '2011-05-12 06:53:15', `updated_at` = '2011-05-12 06:53:15' WHERE `users`.`id` = 2
  [1m[36mSQL (53.4ms)[0m  [1mCOMMIT[0m
  [1m[35mUser Load (0.8ms)[0m  SELECT `users`.* FROM `users` ORDER BY created_at DESC LIMIT 10
  [1m[36mUser Load (0.4ms)[0m  [1mSELECT `users`.* FROM `users` ORDER BY created_at asc LIMIT 20 OFFSET 0[0m
  [1m[35mRole Load (0.2ms)[0m  SELECT `roles`.* FROM `roles` INNER JOIN `assignments` ON `roles`.id = `assignments`.role_id WHERE ((`assignments`.user_id = 1))
  [1m[36mUser Load (0.3ms)[0m  [1mSELECT `users`.* FROM `users` WHERE `users`.`id` = 1 LIMIT 1[0m
DEPRECATION WARNING: <% %> style block helpers are deprecated. Please use <%= %>. (called from _app_views_admin_users__user_html_erb___890664349_94736260__836937476 at /home/chaitanya/cscone/app/views/admin/users/_user.html.erb:1)
  [1m[35mRole Load (0.1ms)[0m  SELECT `roles`.* FROM `roles` INNER JOIN `assignments` ON `roles`.id = `assignments`.role_id WHERE ((`assignments`.user_id = 2))
  [1m[36mCACHE (0.0ms)[0m  [1mSELECT `users`.* FROM `users` WHERE `users`.`id` = 1 LIMIT 1[0m
DEPRECATION WARNING: <% %> style block helpers are deprecated. Please use <%= %>. (called from _app_views_admin_users__user_html_erb___890664349_94736260__836937476 at /home/chaitanya/cscone/app/views/admin/users/_user.html.erb:1)
  [1m[35mRole Load (0.1ms)[0m  SELECT `roles`.* FROM `roles` INNER JOIN `assignments` ON `roles`.id = `assignments`.role_id WHERE ((`assignments`.user_id = 3))
  [1m[36mCACHE (0.0ms)[0m  [1mSELECT `users`.* FROM `users` WHERE `users`.`id` = 1 LIMIT 1[0m
DEPRECATION WARNING: <% %> style block helpers are deprecated. Please use <%= %>. (called from _app_views_admin_users__user_html_erb___890664349_94736260__836937476 at /home/chaitanya/cscone/app/views/admin/users/_user.html.erb:1)
  [1m[35mRole Load (0.1ms)[0m  SELECT `roles`.* FROM `roles` INNER JOIN `assignments` ON `roles`.id = `assignments`.role_id WHERE ((`assignments`.user_id = 4))
  [1m[36mCACHE (0.0ms)[0m  [1mSELECT `users`.* FROM `users` WHERE `users`.`id` = 1 LIMIT 1[0m
DEPRECATION WARNING: <% %> style block helpers are deprecated. Please use <%= %>. (called from _app_views_admin_users__user_html_erb___890664349_94736260__836937476 at /home/chaitanya/cscone/app/views/admin/users/_user.html.erb:1)
  [1m[35mRole Load (0.1ms)[0m  SELECT `roles`.* FROM `roles` INNER JOIN `assignments` ON `roles`.id = `assignments`.role_id WHERE ((`assignments`.user_id = 5))
  [1m[36mCACHE (0.0ms)[0m  [1mSELECT `users`.* FROM `users` WHERE `users`.`id` = 1 LIMIT 1[0m
DEPRECATION WARNING: <% %> style block helpers are deprecated. Please use <%= %>. (called from _app_views_admin_users__user_html_erb___890664349_94736260__836937476 at /home/chaitanya/cscone/app/views/admin/users/_user.html.erb:1)
  [1m[35mRole Load (0.1ms)[0m  SELECT `roles`.* FROM `roles` INNER JOIN `assignments` ON `roles`.id = `assignments`.role_id WHERE ((`assignments`.user_id = 6))
  [1m[36mCACHE (0.0ms)[0m  [1mSELECT `users`.* FROM `users` WHERE `users`.`id` = 1 LIMIT 1[0m
DEPRECATION WARNING: <% %> style block helpers are deprecated. Please use <%= %>. (called from _app_views_admin_users__user_html_erb___890664349_94736260__836937476 at /home/chaitanya/cscone/app/views/admin/users/_user.html.erb:1)
  [1m[35mRole Load (0.1ms)[0m  SELECT `roles`.* FROM `roles` INNER JOIN `assignments` ON `roles`.id = `assignments`.role_id WHERE ((`assignments`.user_id = 7))
  [1m[36mCACHE (0.0ms)[0m  [1mSELECT `users`.* FROM `users` WHERE `users`.`id` = 1 LIMIT 1[0m
DEPRECATION WARNING: <% %> style block helpers are deprecated. Please use <%= %>. (called from _app_views_admin_users__user_html_erb___890664349_94736260__836937476 at /home/chaitanya/cscone/app/views/admin/users/_user.html.erb:1)
  [1m[35mRole Load (0.1ms)[0m  SELECT `roles`.* FROM `roles` INNER JOIN `assignments` ON `roles`.id = `assignments`.role_id WHERE ((`assignments`.user_id = 8))
  [1m[36mCACHE (0.0ms)[0m  [1mSELECT `users`.* FROM `users` WHERE `users`.`id` = 1 LIMIT 1[0m
DEPRECATION WARNING: <% %> style block helpers are deprecated. Please use <%= %>. (called from _app_views_admin_users__user_html_erb___890664349_94736260__836937476 at /home/chaitanya/cscone/app/views/admin/users/_user.html.erb:1)
  [1m[35mRole Load (0.1ms)[0m  SELECT `roles`.* FROM `roles` INNER JOIN `assignments` ON `roles`.id = `assignments`.role_id WHERE ((`assignments`.user_id = 9))
  [1m[36mCACHE (0.0ms)[0m  [1mSELECT `users`.* FROM `users` WHERE `users`.`id` = 1 LIMIT 1[0m
DEPRECATION WARNING: <% %> style block helpers are deprecated. Please use <%= %>. (called from _app_views_admin_users__user_html_erb___890664349_94736260__836937476 at /home/chaitanya/cscone/app/views/admin/users/_user.html.erb:1)
  [1m[35mRole Load (0.1ms)[0m  SELECT `roles`.* FROM `roles` INNER JOIN `assignments` ON `roles`.id = `assignments`.role_id WHERE ((`assignments`.user_id = 10))
  [1m[36mCACHE (0.0ms)[0m  [1mSELECT `users`.* FROM `users` WHERE `users`.`id` = 1 LIMIT 1[0m
DEPRECATION WARNING: <% %> style block helpers are deprecated. Please use <%= %>. (called from _app_views_admin_users__user_html_erb___890664349_94736260__836937476 at /home/chaitanya/cscone/app/views/admin/users/_user.html.erb:1)
  [1m[35mRole Load (0.2ms)[0m  SELECT `roles`.* FROM `roles` INNER JOIN `assignments` ON `roles`.id = `assignments`.role_id WHERE ((`assignments`.user_id = 11))
  [1m[36mCACHE (0.0ms)[0m  [1mSELECT `users`.* FROM `users` WHERE `users`.`id` = 1 LIMIT 1[0m
DEPRECATION WARNING: <% %> style block helpers are deprecated. Please use <%= %>. (called from _app_views_admin_users__user_html_erb___890664349_94736260__836937476 at /home/chaitanya/cscone/app/views/admin/users/_user.html.erb:1)
  [1m[35mRole Load (0.2ms)[0m  SELECT `roles`.* FROM `roles` INNER JOIN `assignments` ON `roles`.id = `assignments`.role_id WHERE ((`assignments`.user_id = 12))
  [1m[36mCACHE (0.0ms)[0m  [1mSELECT `users`.* FROM `users` WHERE `users`.`id` = 1 LIMIT 1[0m
DEPRECATION WARNING: <% %> style block helpers are deprecated. Please use <%= %>. (called from _app_views_admin_users__user_html_erb___890664349_94736260__836937476 at /home/chaitanya/cscone/app/views/admin/users/_user.html.erb:1)
  [1m[35mRole Load (0.1ms)[0m  SELECT `roles`.* FROM `roles` INNER JOIN `assignments` ON `roles`.id = `assignments`.role_id WHERE ((`assignments`.user_id = 13))
  [1m[36mCACHE (0.0ms)[0m  [1mSELECT `users`.* FROM `users` WHERE `users`.`id` = 1 LIMIT 1[0m
DEPRECATION WARNING: <% %> style block helpers are deprecated. Please use <%= %>. (called from _app_views_admin_users__user_html_erb___890664349_94736260__836937476 at /home/chaitanya/cscone/app/views/admin/users/_user.html.erb:1)
  [1m[35mRole Load (0.1ms)[0m  SELECT `roles`.* FROM `roles` INNER JOIN `assignments` ON `roles`.id = `assignments`.role_id WHERE ((`assignments`.user_id = 14))
  [1m[36mCACHE (0.0ms)[0m  [1mSELECT `users`.* FROM `users` WHERE `users`.`id` = 1 LIMIT 1[0m
DEPRECATION WARNING: <% %> style block helpers are deprecated. Please use <%= %>. (called from _app_views_admin_users__user_html_erb___890664349_94736260__836937476 at /home/chaitanya/cscone/app/views/admin/users/_user.html.erb:1)
  [1m[35mRole Load (0.1ms)[0m  SELECT `roles`.* FROM `roles` INNER JOIN `assignments` ON `roles`.id = `assignments`.role_id WHERE ((`assignments`.user_id = 15))
  [1m[36mUser Load (0.3ms)[0m  [1mSELECT `users`.* FROM `users` WHERE `users`.`id` = 2 LIMIT 1[0m
DEPRECATION WARNING: <% %> style block helpers are deprecated. Please use <%= %>. (called from _app_views_admin_users__user_html_erb___890664349_94736260__836937476 at /home/chaitanya/cscone/app/views/admin/users/_user.html.erb:1)
Rendered admin/users/_user.html.erb (61.3ms)
  [1m[35mRole Load (0.2ms)[0m  SELECT `roles`.* FROM `roles` WHERE `roles`.`name` = 'super_admin' LIMIT 1
  [1m[36mRole Load (0.2ms)[0m  [1mSELECT `roles`.* FROM `roles` WHERE `roles`.`name` = 'admin' LIMIT 1[0m
  [1m[35mRole Load (0.1ms)[0m  SELECT `roles`.* FROM `roles` WHERE `roles`.`name` = 'vle_representative' LIMIT 1
  [1m[36mRole Load (0.5ms)[0m  [1mSELECT `roles`.*, `roles`.`id` FROM `roles` INNER JOIN `assignments` ON `roles`.id = `assignments`.role_id WHERE `roles`.`id` = 1 AND ((`assignments`.user_id = 2)) LIMIT 1[0m
  [1m[35mRole Load (0.1ms)[0m  SELECT `roles`.*, `roles`.`id` FROM `roles` INNER JOIN `assignments` ON `roles`.id = `assignments`.role_id WHERE `roles`.`id` = 2 AND ((`assignments`.user_id = 2)) LIMIT 1
Rendered admin/_header.html.erb (15.6ms)
Rendered admin/_search.html.erb (1.6ms)
Rendered admin/users/_recent_items.html.erb (3.4ms)
Rendered admin/_import_flash.html.erb (0.7ms)
Rendered admin/_footer.html.erb (0.2ms)
Rendered admin/users/index.html.erb within layouts/admin (93.0ms)
Completed 200 OK in 248ms (Views: 91.9ms | ActiveRecord: 58.4ms)


Started GET "/admin/users?direction=asc&sort=updated_at" for 127.0.0.1 at 2011-05-12 12:23:17 +0530
DEPRECATION WARNING: Setting filter_parameter_logging in ActionController is deprecated and has no longer effect, please set 'config.filter_parameters' in config/application.rb instead. (called from <class:ApplicationController> at /home/chaitanya/cscone/app/controllers/application_controller.rb:5)
  Processing by Admin::UsersController#index as HTML
  Parameters: {"direction"=>"asc", "sort"=>"updated_at"}
  [1m[36mUser Load (0.1ms)[0m  [1mSELECT `users`.* FROM `users` WHERE `users`.`id` = 2 LIMIT 1[0m
  [1m[35mCACHE (0.0ms)[0m  SELECT `users`.* FROM `users` WHERE `users`.`id` = 2 LIMIT 1
  [1m[36mSQL (0.1ms)[0m  [1mBEGIN[0m
  [1m[35mAREL (0.4ms)[0m  UPDATE `users` SET `last_request_at` = '2011-05-12 06:53:17', `updated_at` = '2011-05-12 06:53:17' WHERE `users`.`id` = 2
  [1m[36mSQL (59.6ms)[0m  [1mCOMMIT[0m
  [1m[35mUser Load (0.8ms)[0m  SELECT `users`.* FROM `users` ORDER BY created_at DESC LIMIT 10
  [1m[36mUser Load (0.8ms)[0m  [1mSELECT `users`.* FROM `users` ORDER BY updated_at asc LIMIT 20 OFFSET 0[0m
  [1m[35mRole Load (0.2ms)[0m  SELECT `roles`.* FROM `roles` INNER JOIN `assignments` ON `roles`.id = `assignments`.role_id WHERE ((`assignments`.user_id = 1))
  [1m[36mUser Load (0.4ms)[0m  [1mSELECT `users`.* FROM `users` WHERE `users`.`id` = 1 LIMIT 1[0m
DEPRECATION WARNING: <% %> style block helpers are deprecated. Please use <%= %>. (called from _app_views_admin_users__user_html_erb___890664349_93232750__836937476 at /home/chaitanya/cscone/app/views/admin/users/_user.html.erb:1)
  [1m[35mRole Load (0.1ms)[0m  SELECT `roles`.* FROM `roles` INNER JOIN `assignments` ON `roles`.id = `assignments`.role_id WHERE ((`assignments`.user_id = 3))
  [1m[36mCACHE (0.0ms)[0m  [1mSELECT `users`.* FROM `users` WHERE `users`.`id` = 1 LIMIT 1[0m
DEPRECATION WARNING: <% %> style block helpers are deprecated. Please use <%= %>. (called from _app_views_admin_users__user_html_erb___890664349_93232750__836937476 at /home/chaitanya/cscone/app/views/admin/users/_user.html.erb:1)
  [1m[35mRole Load (0.1ms)[0m  SELECT `roles`.* FROM `roles` INNER JOIN `assignments` ON `roles`.id = `assignments`.role_id WHERE ((`assignments`.user_id = 4))
  [1m[36mCACHE (0.0ms)[0m  [1mSELECT `users`.* FROM `users` WHERE `users`.`id` = 1 LIMIT 1[0m
DEPRECATION WARNING: <% %> style block helpers are deprecated. Please use <%= %>. (called from _app_views_admin_users__user_html_erb___890664349_93232750__836937476 at /home/chaitanya/cscone/app/views/admin/users/_user.html.erb:1)
  [1m[35mRole Load (0.1ms)[0m  SELECT `roles`.* FROM `roles` INNER JOIN `assignments` ON `roles`.id = `assignments`.role_id WHERE ((`assignments`.user_id = 5))
  [1m[36mCACHE (0.0ms)[0m  [1mSELECT `users`.* FROM `users` WHERE `users`.`id` = 1 LIMIT 1[0m
DEPRECATION WARNING: <% %> style block helpers are deprecated. Please use <%= %>. (called from _app_views_admin_users__user_html_erb___890664349_93232750__836937476 at /home/chaitanya/cscone/app/views/admin/users/_user.html.erb:1)
  [1m[35mRole Load (0.1ms)[0m  SELECT `roles`.* FROM `roles` INNER JOIN `assignments` ON `roles`.id = `assignments`.role_id WHERE ((`assignments`.user_id = 6))
  [1m[36mCACHE (0.0ms)[0m  [1mSELECT `users`.* FROM `users` WHERE `users`.`id` = 1 LIMIT 1[0m
DEPRECATION WARNING: <% %> style block helpers are deprecated. Please use <%= %>. (called from _app_views_admin_users__user_html_erb___890664349_93232750__836937476 at /home/chaitanya/cscone/app/views/admin/users/_user.html.erb:1)
  [1m[35mRole Load (0.1ms)[0m  SELECT `roles`.* FROM `roles` INNER JOIN `assignments` ON `roles`.id = `assignments`.role_id WHERE ((`assignments`.user_id = 7))
  [1m[36mCACHE (0.0ms)[0m  [1mSELECT `users`.* FROM `users` WHERE `users`.`id` = 1 LIMIT 1[0m
DEPRECATION WARNING: <% %> style block helpers are deprecated. Please use <%= %>. (called from _app_views_admin_users__user_html_erb___890664349_93232750__836937476 at /home/chaitanya/cscone/app/views/admin/users/_user.html.erb:1)
  [1m[35mRole Load (0.1ms)[0m  SELECT `roles`.* FROM `roles` INNER JOIN `assignments` ON `roles`.id = `assignments`.role_id WHERE ((`assignments`.user_id = 8))
  [1m[36mCACHE (0.0ms)[0m  [1mSELECT `users`.* FROM `users` WHERE `users`.`id` = 1 LIMIT 1[0m
DEPRECATION WARNING: <% %> style block helpers are deprecated. Please use <%= %>. (called from _app_views_admin_users__user_html_erb___890664349_93232750__836937476 at /home/chaitanya/cscone/app/views/admin/users/_user.html.erb:1)
  [1m[35mRole Load (0.1ms)[0m  SELECT `roles`.* FROM `roles` INNER JOIN `assignments` ON `roles`.id = `assignments`.role_id WHERE ((`assignments`.user_id = 9))
  [1m[36mCACHE (0.0ms)[0m  [1mSELECT `users`.* FROM `users` WHERE `users`.`id` = 1 LIMIT 1[0m
DEPRECATION WARNING: <% %> style block helpers are deprecated. Please use <%= %>. (called from _app_views_admin_users__user_html_erb___890664349_93232750__836937476 at /home/chaitanya/cscone/app/views/admin/users/_user.html.erb:1)
  [1m[35mRole Load (0.1ms)[0m  SELECT `roles`.* FROM `roles` INNER JOIN `assignments` ON `roles`.id = `assignments`.role_id WHERE ((`assignments`.user_id = 10))
  [1m[36mCACHE (0.0ms)[0m  [1mSELECT `users`.* FROM `users` WHERE `users`.`id` = 1 LIMIT 1[0m
DEPRECATION WARNING: <% %> style block helpers are deprecated. Please use <%= %>. (called from _app_views_admin_users__user_html_erb___890664349_93232750__836937476 at /home/chaitanya/cscone/app/views/admin/users/_user.html.erb:1)
  [1m[35mRole Load (0.1ms)[0m  SELECT `roles`.* FROM `roles` INNER JOIN `assignments` ON `roles`.id = `assignments`.role_id WHERE ((`assignments`.user_id = 11))
  [1m[36mCACHE (0.0ms)[0m  [1mSELECT `users`.* FROM `users` WHERE `users`.`id` = 1 LIMIT 1[0m
DEPRECATION WARNING: <% %> style block helpers are deprecated. Please use <%= %>. (called from _app_views_admin_users__user_html_erb___890664349_93232750__836937476 at /home/chaitanya/cscone/app/views/admin/users/_user.html.erb:1)
  [1m[35mRole Load (0.1ms)[0m  SELECT `roles`.* FROM `roles` INNER JOIN `assignments` ON `roles`.id = `assignments`.role_id WHERE ((`assignments`.user_id = 12))
  [1m[36mCACHE (0.0ms)[0m  [1mSELECT `users`.* FROM `users` WHERE `users`.`id` = 1 LIMIT 1[0m
DEPRECATION WARNING: <% %> style block helpers are deprecated. Please use <%= %>. (called from _app_views_admin_users__user_html_erb___890664349_93232750__836937476 at /home/chaitanya/cscone/app/views/admin/users/_user.html.erb:1)
  [1m[35mRole Load (0.1ms)[0m  SELECT `roles`.* FROM `roles` INNER JOIN `assignments` ON `roles`.id = `assignments`.role_id WHERE ((`assignments`.user_id = 13))
  [1m[36mCACHE (0.0ms)[0m  [1mSELECT `users`.* FROM `users` WHERE `users`.`id` = 1 LIMIT 1[0m
DEPRECATION WARNING: <% %> style block helpers are deprecated. Please use <%= %>. (called from _app_views_admin_users__user_html_erb___890664349_93232750__836937476 at /home/chaitanya/cscone/app/views/admin/users/_user.html.erb:1)
  [1m[35mRole Load (0.1ms)[0m  SELECT `roles`.* FROM `roles` INNER JOIN `assignments` ON `roles`.id = `assignments`.role_id WHERE ((`assignments`.user_id = 14))
  [1m[36mCACHE (0.0ms)[0m  [1mSELECT `users`.* FROM `users` WHERE `users`.`id` = 1 LIMIT 1[0m
DEPRECATION WARNING: <% %> style block helpers are deprecated. Please use <%= %>. (called from _app_views_admin_users__user_html_erb___890664349_93232750__836937476 at /home/chaitanya/cscone/app/views/admin/users/_user.html.erb:1)
  [1m[35mRole Load (0.1ms)[0m  SELECT `roles`.* FROM `roles` INNER JOIN `assignments` ON `roles`.id = `assignments`.role_id WHERE ((`assignments`.user_id = 15))
  [1m[36mUser Load (0.3ms)[0m  [1mSELECT `users`.* FROM `users` WHERE `users`.`id` = 2 LIMIT 1[0m
DEPRECATION WARNING: <% %> style block helpers are deprecated. Please use <%= %>. (called from _app_views_admin_users__user_html_erb___890664349_93232750__836937476 at /home/chaitanya/cscone/app/views/admin/users/_user.html.erb:1)
  [1m[35mRole Load (0.1ms)[0m  SELECT `roles`.* FROM `roles` INNER JOIN `assignments` ON `roles`.id = `assignments`.role_id WHERE ((`assignments`.user_id = 2))
  [1m[36mCACHE (0.0ms)[0m  [1mSELECT `users`.* FROM `users` WHERE `users`.`id` = 1 LIMIT 1[0m
DEPRECATION WARNING: <% %> style block helpers are deprecated. Please use <%= %>. (called from _app_views_admin_users__user_html_erb___890664349_93232750__836937476 at /home/chaitanya/cscone/app/views/admin/users/_user.html.erb:1)
Rendered admin/users/_user.html.erb (107.3ms)
  [1m[35mRole Load (0.1ms)[0m  SELECT `roles`.* FROM `roles` WHERE `roles`.`name` = 'super_admin' LIMIT 1
  [1m[36mRole Load (0.1ms)[0m  [1mSELECT `roles`.* FROM `roles` WHERE `roles`.`name` = 'admin' LIMIT 1[0m
  [1m[35mRole Load (0.1ms)[0m  SELECT `roles`.* FROM `roles` WHERE `roles`.`name` = 'vle_representative' LIMIT 1
  [1m[36mRole Load (0.1ms)[0m  [1mSELECT `roles`.*, `roles`.`id` FROM `roles` INNER JOIN `assignments` ON `roles`.id = `assignments`.role_id WHERE `roles`.`id` = 1 AND ((`assignments`.user_id = 2)) LIMIT 1[0m
  [1m[35mRole Load (0.1ms)[0m  SELECT `roles`.*, `roles`.`id` FROM `roles` INNER JOIN `assignments` ON `roles`.id = `assignments`.role_id WHERE `roles`.`id` = 2 AND ((`assignments`.user_id = 2)) LIMIT 1
Rendered admin/_header.html.erb (11.1ms)
Rendered admin/_search.html.erb (0.8ms)
Rendered admin/users/_recent_items.html.erb (2.4ms)
Rendered admin/_import_flash.html.erb (0.7ms)
Rendered admin/_footer.html.erb (0.2ms)
Rendered admin/users/index.html.erb within layouts/admin (133.1ms)
Completed 200 OK in 260ms (Views: 133.6ms | ActiveRecord: 64.5ms)
